<?xml version="1.0" encoding="UTF-8"?>
<!-- Generated by org.testng.reporters.JUnitXMLReporter -->
<testsuite hostname="LAPTOP-GFOVB5TB" ignored="0" name="Test" tests="6" failures="1" timestamp="2022-11-22T17:07:10 IST" time="0.266" errors="0">
  <testcase name="test1" time="0.012" classname="org_manage_seleniumFameWork.TestPractise">
    <skipped/>
  </testcase> <!-- test1 -->
  <testcase name="test1" time="0.001" classname="org_manage_seleniumFameWork.TestPractise">
    <skipped/>
  </testcase> <!-- test1 -->
  <testcase name="test1" time="0.001" classname="org_manage_seleniumFameWork.TestPractise">
    <skipped/>
  </testcase> <!-- test1 -->
  <testcase name="test1" time="0.001" classname="org_manage_seleniumFameWork.TestPractise">
    <skipped/>
  </testcase> <!-- test1 -->
  <testcase name="test1" time="0.001" classname="org_manage_seleniumFameWork.TestPractise">
    <failure type="java.lang.AssertionError" message="null">
      <![CDATA[java.lang.AssertionError: null
at org_manage_seleniumFameWork.TestPractise.test1(TestPractise.java:17)
at java.util.ArrayList.forEach(Unknown Source)
... Removed 29 stack frames]]>
    </failure>
  </testcase> <!-- test1 -->
  <testcase name="test" time="0.002" classname="org_manage_seleniumFameWork.TestPractise"/>
</testsuite> <!-- Test -->
